24
74
84
245
288
291
354
462
622
631
639
695
722
784
850
866
990
1031
1038
1061
1084
1156
1270
1416
1466
1491
1523
1554
1564
1712
1847
1858
1981
2044
2083
2128
2157
2190
2238
2245
2321
2508
2514
2637
2709
2756
2761
2934
2946
2987
2988
3030
3052
3073
3105
3257
3328
3354
3373
3493
3615
3770
3809
3927
3960
3989
4041
4066
4210
4232
4325
4342
4367
4395
4460
4466
4475
4486
4575
4614
4648
4656
4725
4740
4851
4931
5182
5286
5402
5474
5589
5753
5907
5951
5955
5961
6076
6127
6151
6278
6305
6362
6397
6481
6539
6605
6618
6640
6793
6800
6849
6876
6885
7041
7107
7152
7226
7273
7410
7526
7733
7733
7748
7752
7835
7850
7961
8112
8114
8127
8173
8246
8341
8346
8388
8430
8453
8629
8658
8700
8702
8796
8799
8846
8919
8992
9000
9035
9199
9245
9245
9328
9363
9430
9469
9474
9494
9540
9586
9650
9650
9650
9782
9784
9807
9964
10007
10029
10047
10222
10285
10369
10399
10424
10656
10750
10776
10867
10908
10990
11150
11261
11325
11334
11384
11390
11393
11502
11689
11720
11761
11789
11926
11930
11936
11953
11999
12001
12037
12147
12202
12253
12323
12334
12359
12393
12427
12500
12571
12586
12621
12692
12876
12968
13003
13059
13086
13142
13154
13245
13249
13295
13368
13498
13515
13516
13572
13775
13776
13799
13819
13839
13917
13949
13950
13994
14044
14053
14058
14196
14417
14418
14441
14476
14483
14498
14527
14607
14625
14632
14685
14696
14737
14778
14794
14882
14934
14956
14978
15052
15055
15203
15329
15353
15390
15407
15498
15502
15526
15545
15562
15595
15739
15842
16091
16153
16230
16375
16444
16532
16548
16620
16652
16665
16822
16869
16918
17064
17147
17240
17285
17349
17393
17497
17508
17508
17561
17575
17577
17582
17655
17702
17702
17721
17847
18082
18126
18222
18400
18426
18452
18458
18572
18583
18612
18648
18697
18736
18736
18845
18853
18887
18989
19008
19016
19016
19069
19076
19156
19257
19267
19297
19377
19635
19637
19670
19815
19855
20068
20090
20140
20212
20365
20404
20410
20413
20441
20441
20448
20449
20464
20541
20624
20686
20772
20782
20789
20875
20916
20936
20972
21009
21094
21103
21234
21255
21257
21400
21444
21450
21488
21523
21556
21688
21826
21874
21896
21966
21994
22060
22061
22093
22116
22325
22352
22421
22430
22543
22604
22610
22630
22749
23016
23025
23105
23208
23210
23220
23252
23253
23379
23581
23613
23840
23876
23897
23937
23938
24041
24050
24086
24150
24263
24317
24336
24463
24487
24494
24562
24726
24745
24794
24795
24836
24843
24846
24851
24899
25061
25125
25149
25272
25275
25285
25288
25432
25529
25559
25621
25630
25756
25888
25918
25952
26130
26269
26308
26353
26360
26376
26510
26524
26663
26667
26767
26869
26902
26923
26953
26957
26969
27018
27049
27066
27076
27123
27184
27405
27490
27641
27668
27836
27931
27935
27966
27989
28042
28058
28060
28061
28086
28087
28187
28218
28418
28433
28579
28680
28799
28818
28859
28899
28924
28929
28941
28964
29132
29157
29405
29416
29518
29567
29697
29748
29759
29776
29784
29807
29829
29830
29851
29868
29951
29956
29979
29997
30175
30209
30256
30355
30358
30477
30492
30613
30617
30669
30899
30900
31249
31490
31567
31612
31813
31820
31933
31949
32152
32171
32193
32271
32487
32550
32737
32835
32844
32926
32931
33011
33118
33321
33351
33371
33379
33432
33495
33527
33540
33554
33710
33727
33749
33771
33898
33899
33956
34047
34124
34185
34206
34296
34313
34456
34648
34710
34740
34776
34899
35095
35153
35275
35277
35322
35364
35461
35568
35642
35778
35879
35906
35932
35969
36043
36208
36427
36464
36497
36499
36579
36625
36718
36851
36990
37046
37051
37073
37133
37148
37408
37471
37477
37593
37693
37695
37706
37966
37977
38117
38143
38193
38225
38374
38592
38649
38694
38799
38891
38896
38987
39074
39105
39204
39422
39451
39474
39521
39626
39731
39843
39900
39938
39938
40076
40194
40215
40235
40325
40333
40436
40440
40480
40538
40572
40583
40614
40769
40777
40793
40866
40875
40880
41021
41051
41141
41193
41343
41429
41499
41530
41553
41556
41601
41618
41829
41906
41928
41979
41981
42066
42086
42110
42140
42168
42169
42257
42343
42343
42356
42392
42498
42538
42560
42584
42595
42614
42645
42677
42718
42721
42773
42793
42834
42858
42878
42882
43009
43050
43156
43227
43319
43361
43418
43422
43494
43506
43546
43569
43600
43616
43751
43753
43755
43759
43918
43923
43972
44017
44105
44116
44164
44270
44282
44378
44535
44575
44726
44772
44780
44927
45081
45480
45519
45612
45661
45783
45842
45870
45998
46030
46066
46184
46338
46351
46418
46440
46510
46511
46535
46626
46634
46654
46702
46845
46849
46928
46946
46954
47015
47042
47095
47136
47148
47210
47231
47242
47266
47286
47312
47340
47590
47600
47608
47622
47693
47706
47754
47780
47839
47929
47986
48004
48113
48115
48147
48346
48356
48463
48512
48557
48594
48610
48630
48707
48720
48862
48863
48886
48987
49018
49288
49365
49428
49483
49591
49659
49687
49727
49833
49944
49952
49981
50005
50017
50077
50158
50162
50251
50302
50361
50507
50511
50608
50613
50888
50926
50935
51196
51274
51436
51664
51792
51810
51852
51866
51896
51908
51980
51990
52005
52009
52025
52087
52214
52261
52263
52330
52392
52417
52690
52705
52724
52758
52793
52843
52845
52920
52946
53009
53039
53045
53092
53123
53328
53351
53490
53504
53648
53701
53818
53847
53848
53898
53999
54055
54412
54471
54513
54597
54604
54764
54766
54805
55070
55156
55214
55283
55283
55380
55417
55568
55689
55731
55737
55765
55837
55896
55960
55964
56199
56203
56234
56250
56346
56381
56419
56459
56503
56515
56592
56624
56634
56681
56738
56914
57039
57055
57209
57234
57249
57251
57334
57513
57515
57766
57833
57888
57915
57952
57994
58079
58121
58215
58229
58271
58305
58339
58350
58480
58573
58731
58747
58864
58918
58928
58930
59008
59039
59068
59139
59202
59220
59225
59356
59365
59379
59394
59487
59564
59582
59603
59743
59816
59831
59943
59987
60044
60076
60364
60375
60429
60429
60517
60536
60824
60926
60975
61056
61110
61137
61216
61410
61610
61631
61901
62078
62174
62254
62271
62479
62487
62508
62574
62620
62662
63166
63232
63422
63764
63790
63792
64014
64157
64187
64313
64381
64526
64531
64707
64743
64749
64773
65076
65107
65135
65357
