34124
96025
150791
177809
240975
254774
313842
363130
390087
411610
440189
487420
542225
582763
631109
644607
665071
718080
766227
798777
825153
844823
900037
904247
912082
925857
963265
1005608
1030454
1034069
1062130
1102455
1110188
1121877
1182306
1239361
1272098
1290795
1336665
1384594
1442109
1487628
1496081
1533552
1562481
1573231
1629690
1641410
1688112
1714420
1726346
1730806
1751588
1792160
1804197
1820039
1866105
1914715
1919371
1927498
1975098
1983439
1992285
2035335
2053557
2113160
2126128
2178036
2202372
2223475
2261170
2317673
2341513
2381728
2437465
2474613
2490003
2517079
2517801
2554300
2560261
2603143
2651655
2707492
2728464
2755954
2815897
2853590
2857985
2878398
2917820
2966283
3028762
3042756
3049605
3054253
3068029
3103807
3159767
3166407
3209002
3233853
3246212
3247296
3256836
3257702
3279102
3344237
3379698
3437464
3442078
3442928
3453704
3512009
3514996
3539558
3563455
3599424
3633323
3660389
3709252
3742747
3748221
3756879
3758035
3782185
3834037
3883628
3925534
3979533
4010432
4038363
4082380
4121271
4143701
4177748
4211458
4253996
4265380
4287923
4317441
4360859
4397849
4409174
4420041
4469700
4477873
4534611
4578529
4639666
4679901
4716398
4735251
4785084
4806640
4816109
4858195
4872932
4891948
4929081
4981926
5034872
5036363
5042760
5045274
5057035
5121192
5130976
5181911
5188796
5247726
5268130
5321778
5349836
5392992
5433325
5488608
5504134
5530022
5546891
5594157
5631863
5695285
5712432
5729350
5749490
5752127
5806025
5826711
5891818
5913911
5933979
5964596
6022935
6079974
6089781
6130261
6158448
6170378
6179370
6196192
6248172
6307211
6359201
6376709
6404769
6415168
6472377
6502633
6544163
6587709
6599856
6617438
6654017
6685629
6701036
6716598
6731532
6784655
6811839
6830995
6861350
6881562
6929677
6988250
7040116
7090418
7111354
7146922
7193868
7205370
7216360
7235436
7297923
7328536
7386886
7398887
7431039
7464566
7492784
7545201
7583394
7592023
7656796
7678246
7680955
7694200
7736029
7789877
7817812
7825924
7850411
7889210
7889284
7903767
7940618
7997867
8034585
8090835
8093940
8107857
8139790
8161024
8185818
8201171
8244049
8294975
8354354
8401490
8402906
8455630
8503252
8513299
8516372
8541660
8588078
8599867
8617107
8637548
8643137
8683930
8725531
8748741
8771949
8771973
8808181
8856185
8886036
8932546
8970139
9014517
9045766
9064835
9082537
9091237
9114818
9144686
9196582
9255590
9278339
9330364
9330718
9380876
9390883
9412709
9433481
9460148
9466055
9490518
9525882
9534882
9577050
9594558
9621681
9671932
9685990
9690476
9732457
9741702
9743785
9758261
9793414
9803196
9832972
9879412
9923335
9939565
9949787
9972112
9978063
10030324
10090841
10096796
10097084
10147065
10150558
10194174
10194958
10232004
10270147
10317357
10334750
10344224
10398821
10424951
10434915
10468813
10469874
10477284
10501325
10526597
10583112
10631706
10663273
10701967
10736677
10779996
10804313
10834143
10851428
10870417
10877210
10898126
10934032
10937959
10948383
11001176
11048766
11113842
11119024
11159793
11181759
11201394
11261225
11322856
11363997
11408279
11412604
11455322
11456876
11471072
11497995
11500983
11531883
11539844
11590351
11636689
11699309
11739247
11748043
11792769
11834268
11881416
11895255
11908827
11930887
11990931
12003254
12038896
12066564
12110680
12162685
12210465
12223833
12253662
12255819
12273666
12303425
12354038
12367180
12374221
12420405
12435287
12437268
12459620
12481681
12529289
12535365
12574439
12619520
12637920
12690312
12755669
12799420
12803461
12844238
12850365
12890265
12932244
12957676
12975237
12997867
13035844
13085571
13113658
13162544
13214758
13231410
13233268
13245839
13270634
13298720
13345354
13393193
13442880
13446869
13455571
13513786
13542466
13572958
13621820
13647105
13690858
13709506
13749349
13763974
13814051
13838545
13871389
13929510
13993697
14035250
14094814
14137587
14144205
14203599
14246433
14260960
14274046
14292618
14308163
14319556
14332615
14362182
14374135
14437927
14450320
14510396
14570825
14604257
14646978
14662307
14664497
14691466
14693313
14731687
14788279
14828217
14847225
14868913
14924196
14982927
15012084
15036920
15039428
15069212
15078540
15111027
15158720
15197707
15250465
15309830
15314296
15326498
15389160
15441423
15449853
15483407
15526976
15565625
15621390
15656712
15675170
15679910
15727664
15782076
15840155
15891043
15907663
15946255
15954007
15966260
15994096
16031147
16051771
16094629
16151543
16204894
16213008
16220534
16244471
16279370
16280640
16345166
16399637
16430306
16455581
16509636
16512893
16553914
16560192
16602806
16648804
16666153
16715636
16780017
16812188
16839090
16841134
16841765
16868532
16893258
16941978
16972336
17001135
17002847
17044276
17048751
17065283
17114301
17178614
17223149
17267121
17293631
17327380
17357589
17421603
17468229
17483968
17531063
17553057
17605387
17615756
17631909
17690773
17751748
17752786
17772053
17796316
17837196
17871152
17904923
17911404
17953573
17997843
18031214
18094978
18135172
18148688
18201727
18246507
18261301
18272209
18300642
18309841
18328453
18343505
18366725
18373030
18377096
18395941
18428212
18445709
18492637
18511894
18518770
18551781
18599767
18634063
18677663
18730583
18772840
18816599
18856050
18871548
18904927
18933786
18966717
18966801
19023482
19063558
19105668
19125045
19136195
19178551
19240805
19284032
19346110
19370160
19420112
19480487
19488235
19508645
19573388
19574378
19591953
19638488
19673228
19687835
19741536
19758084
19763486
19805042
19828067
19832409
19875418
19932652
19968695
20006661
20036077
20061698
20095904
20108238
20167981
20224615
20254566
20313791
20322179
20355297
20412548
20438500
20494881
20516136
20577192
20584465
20641799
20683865
20719744
20744643
20771167
20797436
20816733
20862213
20918559
20923284
20944541
20981614
20990977
21004226
21056235
21098795
21110731
21169659
21204307
21207068
21242343
21295048
21355035
21416445
21429321
21451931
21468022
21471395
21530534
21551409
21551871
21584706
21627383
21633922
21689611
21692367
21704794
21706317
21720266
21776230
21818158
21866271
21921839
21940422
21980048
22016512
22063798
22078430
22102306
22113696
22115824
22118758
22120224
22131485
22152929
22169993
22216647
22232149
22294323
22316197
22330638
22334408
22354223
22374671
22416811
22432014
22476178
22489332
22549868
22596822
22635047
22651712
22677468
22718334
22777916
22817437
22860859
22887728
22905305
22963576
22995396
23044761
23069910
23124514
23153478
23196972
23225014
23284216
23320841
23362034
23399511
23432862
23447558
23502322
23517300
23542859
23543150
23593758
23641070
23649316
23664001
23712988
23737074
23798184
23825589
23834388
23847391
23858725
23859756
23884501
23938319
23954763
24011387
24015754
24024673
24077765
24107462
24147898
24207254
24234207
24296478
24320091
24346754
24353861
24380221
24385974
24428558
24467663
24514705
24537309
24596227
24652123
24670859
24672423
24703913
24732854
24755275
24758603
24765755
24825242
24854166
24868219
24882717
24943541
24985884
25014302
25017332
25026762
25045778
25046417
25072770
25128150
25156116
25199477
25228882
25289808
25310817
25336346
25394234
25447279
25486175
25516652
25537193
25549192
25607025
25613176
25664968
25720699
25728549
25764481
25812837
25877544
25929631
25983135
26033079
26069506
26122349
26126581
26131432
26181793
26231955
26262130
26295670
26346866
26403065
26413094
26439012
26441333
26482208
26512164
26558006
26618370
26636072
26671349
26689475
26734247
26758185
26767771
26775504
26824211
26826456
26839077
26897029
26953232
26953854
26968271
26980771
27032207
27041857
27045817
27070878
27096003
27113658
27128614
27179888
27200329
27229147
27284564
27327062
27376490
27378728
27388378
27409472
27464542
27478586
27535005
27554860
27599787
27643293
27643988
27659583
27674001
27719662
27781272
27784626
27799681
27806043
27845517
27891868
27910320
27929957
27957006
27979122
28008870
28059381
28073331
28120176
28123122
28168905
28178150
28198599
28243174
28266279
28296258
28324247
28356440
28403682
28444296
28451522
28470409
28489145
28499430
28556943
28615690
28618742
28627777
28656909
28662195
28671845
28690271
28753503
28801209
28848549
28848794
28882115
28895934
28949424
29011998
29062003
29068803
29100752
29155265
29167957
29212062
29242059
29276515
29286009
29339337
29399153
29457633
29498216
29521468
29542257
29587869
29634884
29694104
29717120
29751433
29815223
29858016
29879504
29926353
29930928
29984775
30030805
30070536
30114291
30156936
30191712
30233330
30255226
30263572
30328321
30334926
30387616
30443850
30463940
30505283
30509092
30559109
30607666
30650058
30712566
30746293
30773934
30798777
30824407
30882636
30896151
30910929
30927304
30957111
31015105
31048031
31086148
31104230
31127483
31185398
31237208
31272303
31312743
31317674
31369338
31387059
31433570
31467755
31491134
31532185
31593401
31605987
31619282
31639647
31704178
31752808
31781707
31792363
31847519
31886723
31918536
